<?xml version="1.0" encoding="UTF-8"?>
<testng-results skipped="0" failed="1" ignored="0" total="2" passed="1">
  <reporter-output>
  </reporter-output>
  <suite name="Default suite" duration-ms="29095" started-at="2018-04-08T09:10:38Z" finished-at="2018-04-08T09:11:08Z">
    <groups>
    </groups>
    <test name="Default test" duration-ms="29095" started-at="2018-04-08T09:10:38Z" finished-at="2018-04-08T09:11:08Z">
      <class name="com.salle.test.funcionales.header.Test_buscador">
        <test-method status="PASS" signature="beforeClass()[pri:0, instance:com.salle.test.funcionales.header.Test_buscador@6cb107fd]" name="beforeClass" is-config="true" duration-ms="2468" started-at="2018-04-08T11:10:38Z" finished-at="2018-04-08T11:10:41Z">
          <reporter-output>
          </reporter-output>
        </test-method> <!-- beforeClass -->
        <test-method status="FAIL" signature="Test_negativo()[pri:0, instance:com.salle.test.funcionales.header.Test_buscador@6cb107fd]" name="Test_negativo" duration-ms="17233" started-at="2018-04-08T11:10:41Z" finished-at="2018-04-08T11:10:58Z">
          <exception class="org.openqa.selenium.TimeoutException">
            <message>
              <![CDATA[Expected condition failed: waiting for presence of element located by: By.xpath: /html/body/div[5]/div[1]/div/div/section/div/div[2]/div[3]/div/div/ol/li[2]/h3/a (tried for 10 second(s) with 500 MILLISECONDS interval)]]>
            </message>
            <full-stacktrace>
              <![CDATA[org.openqa.selenium.TimeoutException: Expected condition failed: waiting for presence of element located by: By.xpath: /html/body/div[5]/div[1]/div/div/section/div/div[2]/div[3]/div/div/ol/li[2]/h3/a (tried for 10 second(s) with 500 MILLISECONDS interval)
	at org.openqa.selenium.support.ui.WebDriverWait.timeoutException(WebDriverWait.java:82)
	at org.openqa.selenium.support.ui.FluentWait.until(FluentWait.java:231)
	at com.salle.Steps.Steps_buscador.Escriu_buscador_wrong(Steps_buscador.java:60)
	at com.salle.test.funcionales.header.Test_buscador.Test_negativo(Test_buscador.java:31)
	at sun.reflect.NativeMethodAccessorImpl.invoke0(Native Method)
	at sun.reflect.NativeMethodAccessorImpl.invoke(Unknown Source)
	at sun.reflect.DelegatingMethodAccessorImpl.invoke(Unknown Source)
	at java.lang.reflect.Method.invoke(Unknown Source)
	at org.testng.internal.MethodInvocationHelper.invokeMethod(MethodInvocationHelper.java:104)
	at org.testng.internal.Invoker.invokeMethod(Invoker.java:645)
	at org.testng.internal.Invoker.invokeTestMethod(Invoker.java:851)
	at org.testng.internal.Invoker.invokeTestMethods(Invoker.java:1177)
	at org.testng.internal.TestMethodWorker.invokeTestMethods(TestMethodWorker.java:129)
	at org.testng.internal.TestMethodWorker.run(TestMethodWorker.java:112)
	at org.testng.TestRunner.privateRun(TestRunner.java:756)
	at org.testng.TestRunner.run(TestRunner.java:610)
	at org.testng.SuiteRunner.runTest(SuiteRunner.java:387)
	at org.testng.SuiteRunner.runSequentially(SuiteRunner.java:382)
	at org.testng.SuiteRunner.privateRun(SuiteRunner.java:340)
	at org.testng.SuiteRunner.run(SuiteRunner.java:289)
	at org.testng.SuiteRunnerWorker.runSuite(SuiteRunnerWorker.java:52)
	at org.testng.SuiteRunnerWorker.run(SuiteRunnerWorker.java:86)
	at org.testng.TestNG.runSuitesSequentially(TestNG.java:1293)
	at org.testng.TestNG.runSuitesLocally(TestNG.java:1218)
	at org.testng.TestNG.runSuites(TestNG.java:1133)
	at org.testng.TestNG.run(TestNG.java:1104)
	at org.testng.remote.AbstractRemoteTestNG.run(AbstractRemoteTestNG.java:114)
	at org.testng.remote.RemoteTestNG.initAndRun(RemoteTestNG.java:251)
	at org.testng.remote.RemoteTestNG.main(RemoteTestNG.java:77)
Caused by: org.openqa.selenium.NoSuchElementException: Cannot locate an element using By.xpath: /html/body/div[5]/div[1]/div/div/section/div/div[2]/div[3]/div/div/ol/li[2]/h3/a
For documentation on this error, please visit: http://seleniumhq.org/exceptions/no_such_element.html
Build info: version: '3.7.1', revision: '8a0099a', time: '2017-11-06T21:01:39.354Z'
System info: host: 'DESKTOP-BSD5S3P', ip: '192.168.1.40', os.name: 'Windows 10', os.arch: 'amd64', os.version: '10.0', java.version: '1.8.0_151'
Driver info: driver.version: unknown
	at org.openqa.selenium.support.ui.ExpectedConditions.lambda$findElement$0(ExpectedConditions.java:882)
	at java.util.Optional.orElseThrow(Unknown Source)
	at org.openqa.selenium.support.ui.ExpectedConditions.findElement(ExpectedConditions.java:881)
	at org.openqa.selenium.support.ui.ExpectedConditions.access$000(ExpectedConditions.java:43)
	at org.openqa.selenium.support.ui.ExpectedConditions$6.apply(ExpectedConditions.java:182)
	at org.openqa.selenium.support.ui.ExpectedConditions$6.apply(ExpectedConditions.java:179)
	at org.openqa.selenium.support.ui.FluentWait.until(FluentWait.java:208)
	... 27 more
]]>
            </full-stacktrace>
          </exception> <!-- org.openqa.selenium.TimeoutException -->
          <reporter-output>
          </reporter-output>
        </test-method> <!-- Test_negativo -->
        <test-method status="PASS" signature="Test_positivo()[pri:1, instance:com.salle.test.funcionales.header.Test_buscador@6cb107fd]" name="Test_positivo" duration-ms="8551" started-at="2018-04-08T11:10:58Z" finished-at="2018-04-08T11:11:07Z">
          <reporter-output>
          </reporter-output>
        </test-method> <!-- Test_positivo -->
        <test-method status="PASS" signature="afterClass()[pri:0, instance:com.salle.test.funcionales.header.Test_buscador@6cb107fd]" name="afterClass" is-config="true" duration-ms="806" started-at="2018-04-08T11:11:07Z" finished-at="2018-04-08T11:11:08Z">
          <reporter-output>
          </reporter-output>
        </test-method> <!-- afterClass -->
      </class> <!-- com.salle.test.funcionales.header.Test_buscador -->
    </test> <!-- Default test -->
  </suite> <!-- Default suite -->
</testng-results>
